Mar 19 13:51:06  [info] 
Mar 19 13:51:06  [info] STUPID-HTTP SERVER
Mar 19 13:51:06  [info] 
Mar 19 13:51:06  [info] Listening on localhost:8080...
Mar 19 13:51:06  [info] 
Mar 19 13:51:06  [debug] Opening connection...
Mar 19 13:51:06  [debug] Got: GET / HTTP/1.1
Mar 19 13:51:06  [debug] Got: Host: localhost:8080
Mar 19 13:51:06  [debug] Got: Connection: keep-alive
Mar 19 13:51:06  [debug] Got: User-Agent: Mozilla/5.0 (Macintosh; U; Intel Mac OS X 10_6_6; en-US) AppleWebKit/534.16 (KHTML, like Gecko) Chrome/10.0.648.151 Safari/534.16
Mar 19 13:51:06  [debug] Got: Accept: application/xml,application/xhtml+xml,text/html;q=0.9,text/plain;q=0.8,image/png,*/*;q=0.5
Mar 19 13:51:06  [debug] Got: Accept-Encoding: gzip,deflate,sdch
Mar 19 13:51:06  [debug] Got: Accept-Language: en-US,en;q=0.8,fr-FR;q=0.6
Mar 19 13:51:06  [debug] Got: Accept-Charset: ISO-8859-1,utf-8;q=0.7,*;q=0.3
Mar 19 13:51:06  [info] > GET /
Mar 19 13:51:06  [debug] Ran PieCrust request (209.81192588806ms)
Mar 19 13:51:06  [info]     ->  200 OK
Mar 19 13:51:06  [debug]     : 6.7036895751953Mb
Mar 19 13:51:06  [debug] Got: GET /css/default.less HTTP/1.1
Mar 19 13:51:06  [debug] Got: Host: localhost:8080
Mar 19 13:51:06  [debug] Got: Connection: keep-alive
Mar 19 13:51:06  [debug] Got: Referer: http://localhost:8080/
Mar 19 13:51:06  [debug] Got: User-Agent: Mozilla/5.0 (Macintosh; U; Intel Mac OS X 10_6_6; en-US) AppleWebKit/534.16 (KHTML, like Gecko) Chrome/10.0.648.151 Safari/534.16
Mar 19 13:51:06  [debug] Got: Accept: text/css
Mar 19 13:51:06  [debug] Got: Accept-Encoding: gzip,deflate,sdch
Mar 19 13:51:06  [debug] Got: Accept-Language: en-US,en;q=0.8,fr-FR;q=0.6
Mar 19 13:51:06  [debug] Got: Accept-Charset: ISO-8859-1,utf-8;q=0.7,*;q=0.3
Mar 19 13:51:06  [debug] Got: If-None-Match: 8c9c013fb8f22339b20f497f422cf93e
Mar 19 13:51:06  [debug] Got: If-Modified-Since: Tue, 08 Mar 2011 19:58:35 PST
Mar 19 13:51:06  [info] > GET /css/default.less
Mar 19 13:51:06  [info]     ->  304 Not Modified
Mar 19 13:51:06  [debug]     : 6.7012634277344Mb
Mar 19 13:51:16  [debug] Got: GET /blog HTTP/1.1
Mar 19 13:51:16  [debug] Got: Host: localhost:8080
Mar 19 13:51:16  [debug] Got: Connection: keep-alive
Mar 19 13:51:16  [debug] Got: Referer: http://localhost:8080/
Mar 19 13:51:16  [debug] Got: User-Agent: Mozilla/5.0 (Macintosh; U; Intel Mac OS X 10_6_6; en-US) AppleWebKit/534.16 (KHTML, like Gecko) Chrome/10.0.648.151 Safari/534.16
Mar 19 13:51:16  [debug] Got: Accept: application/xml,application/xhtml+xml,text/html;q=0.9,text/plain;q=0.8,image/png,*/*;q=0.5
Mar 19 13:51:16  [debug] Got: Accept-Encoding: gzip,deflate,sdch
Mar 19 13:51:16  [debug] Got: Accept-Language: en-US,en;q=0.8,fr-FR;q=0.6
Mar 19 13:51:16  [debug] Got: Accept-Charset: ISO-8859-1,utf-8;q=0.7,*;q=0.3
Mar 19 13:51:16  [info] > GET /blog
Mar 19 13:51:16  [debug] Ran PieCrust request (86.437940597534ms)
Mar 19 13:51:16  [info]     ->  200 OK
Mar 19 13:51:16  [debug]     : 7.287109375Mb
Mar 19 13:51:20  [debug] Got: GET /tag/news HTTP/1.1
Mar 19 13:51:20  [debug] Got: Host: localhost:8080
Mar 19 13:51:20  [debug] Got: Connection: keep-alive
Mar 19 13:51:20  [debug] Got: Referer: http://localhost:8080/blog
Mar 19 13:51:20  [debug] Got: User-Agent: Mozilla/5.0 (Macintosh; U; Intel Mac OS X 10_6_6; en-US) AppleWebKit/534.16 (KHTML, like Gecko) Chrome/10.0.648.151 Safari/534.16
Mar 19 13:51:20  [debug] Got: Accept: application/xml,application/xhtml+xml,text/html;q=0.9,text/plain;q=0.8,image/png,*/*;q=0.5
Mar 19 13:51:20  [debug] Got: Accept-Encoding: gzip,deflate,sdch
Mar 19 13:51:20  [debug] Got: Accept-Language: en-US,en;q=0.8,fr-FR;q=0.6
Mar 19 13:51:20  [debug] Got: Accept-Charset: ISO-8859-1,utf-8;q=0.7,*;q=0.3
Mar 19 13:51:20  [info] > GET /tag/news
Mar 19 13:51:20  [debug] Ran PieCrust request (8.2740783691406ms)
Mar 19 13:51:20  [info]     ->  200 OK
Mar 19 13:51:20  [debug]     : 7.4498443603516Mb
Mar 19 13:51:25  [debug] Got: GET /tag/tips HTTP/1.1
Mar 19 13:51:25  [debug] Got: Host: localhost:8080
Mar 19 13:51:25  [debug] Got: Connection: keep-alive
Mar 19 13:51:25  [debug] Got: Referer: http://localhost:8080/blog
Mar 19 13:51:25  [debug] Got: User-Agent: Mozilla/5.0 (Macintosh; U; Intel Mac OS X 10_6_6; en-US) AppleWebKit/534.16 (KHTML, like Gecko) Chrome/10.0.648.151 Safari/534.16
Mar 19 13:51:25  [debug] Got: Accept: application/xml,application/xhtml+xml,text/html;q=0.9,text/plain;q=0.8,image/png,*/*;q=0.5
Mar 19 13:51:25  [debug] Got: Accept-Encoding: gzip,deflate,sdch
Mar 19 13:51:25  [debug] Got: Accept-Language: en-US,en;q=0.8,fr-FR;q=0.6
Mar 19 13:51:25  [debug] Got: Accept-Charset: ISO-8859-1,utf-8;q=0.7,*;q=0.3
Mar 19 13:51:25  [info] > GET /tag/tips
Mar 19 13:51:25  [debug] Ran PieCrust request (4.3549537658691ms)
Mar 19 13:51:25  [info]     ->  200 OK
Mar 19 13:51:25  [debug]     : 7.4966659545898Mb
Mar 19 13:51:29  [debug] Got: GET /about HTTP/1.1
Mar 19 13:51:29  [debug] Got: Host: localhost:8080
Mar 19 13:51:29  [debug] Got: Connection: keep-alive
Mar 19 13:51:29  [debug] Got: Referer: http://localhost:8080/blog
Mar 19 13:51:29  [debug] Got: User-Agent: Mozilla/5.0 (Macintosh; U; Intel Mac OS X 10_6_6; en-US) AppleWebKit/534.16 (KHTML, like Gecko) Chrome/10.0.648.151 Safari/534.16
Mar 19 13:51:29  [debug] Got: Accept: application/xml,application/xhtml+xml,text/html;q=0.9,text/plain;q=0.8,image/png,*/*;q=0.5
Mar 19 13:51:29  [debug] Got: Accept-Encoding: gzip,deflate,sdch
Mar 19 13:51:29  [debug] Got: Accept-Language: en-US,en;q=0.8,fr-FR;q=0.6
Mar 19 13:51:29  [debug] Got: Accept-Charset: ISO-8859-1,utf-8;q=0.7,*;q=0.3
Mar 19 13:51:29  [info] > GET /about
Mar 19 13:51:29  [debug] Ran PieCrust request (4.2481422424316ms)
Mar 19 13:51:29  [info]     ->  200 OK
Mar 19 13:51:29  [debug]     : 7.5849380493164Mb
Mar 19 13:51:31  [debug] Got: GET /blog HTTP/1.1
Mar 19 13:51:31  [debug] Got: Host: localhost:8080
Mar 19 13:51:31  [debug] Got: Connection: keep-alive
Mar 19 13:51:31  [debug] Got: Referer: http://localhost:8080/about
Mar 19 13:51:31  [debug] Got: User-Agent: Mozilla/5.0 (Macintosh; U; Intel Mac OS X 10_6_6; en-US) AppleWebKit/534.16 (KHTML, like Gecko) Chrome/10.0.648.151 Safari/534.16
Mar 19 13:51:31  [debug] Got: Accept: application/xml,application/xhtml+xml,text/html;q=0.9,text/plain;q=0.8,image/png,*/*;q=0.5
Mar 19 13:51:31  [debug] Got: Accept-Encoding: gzip,deflate,sdch
Mar 19 13:51:31  [debug] Got: Accept-Language: en-US,en;q=0.8,fr-FR;q=0.6
Mar 19 13:51:31  [debug] Got: Accept-Charset: ISO-8859-1,utf-8;q=0.7,*;q=0.3
Mar 19 13:51:31  [debug] Got: If-None-Match: "16c35331df66ff92631d3493881321d8"
Mar 19 13:51:31  [info] > GET /blog
Mar 19 13:51:31  [debug] Ran PieCrust request (4.7550201416016ms)
Mar 19 13:51:31  [info]     ->  200 OK
Mar 19 13:51:31  [debug]     : 7.645378112793Mb
